RzeszówRzeszówRzeszówRzeszówRzeszówRzeszówRzeszówRzeszówRzeszówRzeszówRzeszówRzeszówRzeszówRzeszówRzeszówRzeszówRzeszówRzeszówRzeszów
   ErrorException 

  file_get_contents(https://api.openweathermap.org/data/2.5/weather?q=Rzeszów&appid=5891e06e0b289e466f149ff95b40ce33mode=html): Failed to open stream: HTTP request failed! HTTP/1.1 401 Unauthorized

  at D:\laragon\www\weather\app\Console\Commands\getWeather.php:49
     45▕ 
     46▕         foreach ($cities as $city)
     47▕         {
     48▕             $api_url = 'https://api.openweathermap.org/data/2.5/weather?q='.$city.'&appid='.$api_key.'mode=html';
  ➜  49▕             $data[] = json_decode(file_get_contents($api_url), true);
     50▕         }
     51▕ 
     52▕         echo $data[0]['name'];
     53▕     }

  1   D:\laragon\www\weather\app\Console\Commands\getWeather.php:49
      file_get_contents("https://api.openweathermap.org/data/2.5/weather?q=Rzeszów&appid=5891e06e0b289e466f149ff95b40ce33mode=html")

  2   D:\laragon\www\weather\vendor\laravel\framework\src\Illuminate\Container\BoundMethod.php:36
      App\Console\Commands\getWeather::handle()

   ErrorException 

  file_get_contents(https://api.openweathermap.org/data/2.5/weather?q=Rzeszów&appid=5891e06e0b289e466f149ff95b40ce33mode=html): Failed to open stream: HTTP request failed! HTTP/1.1 401 Unauthorized

  at D:\laragon\www\weather\app\Console\Commands\getWeather.php:49
     45▕ 
     46▕         foreach ($cities as $city)
     47▕         {
     48▕             $api_url = 'https://api.openweathermap.org/data/2.5/weather?q='.$city.'&appid='.$api_key.'mode=html';
  ➜  49▕             $data[] = json_decode(file_get_contents($api_url), true);
     50▕         }
     51▕ 
     52▕         echo $data[0]['name'];
     53▕     }

  1   D:\laragon\www\weather\app\Console\Commands\getWeather.php:49
      file_get_contents("https://api.openweathermap.org/data/2.5/weather?q=Rzeszów&appid=5891e06e0b289e466f149ff95b40ce33mode=html")

  2   D:\laragon\www\weather\vendor\laravel\framework\src\Illuminate\Container\BoundMethod.php:36
      App\Console\Commands\getWeather::handle()

   ErrorException 

  file_get_contents(https://api.openweathermap.org/data/2.5/weather?q=Rzeszów&appid=5891e06e0b289e466f149ff95b40ce33mode=html): Failed to open stream: HTTP request failed! HTTP/1.1 401 Unauthorized

  at D:\laragon\www\weather\app\Console\Commands\getWeather.php:49
     45▕ 
     46▕         foreach ($cities as $city)
     47▕         {
     48▕             $api_url = 'https://api.openweathermap.org/data/2.5/weather?q='.$city.'&appid='.$api_key.'mode=html';
  ➜  49▕             $data[] = json_decode(file_get_contents($api_url), true);
     50▕         }
     51▕ 
     52▕         echo $data[0]['name'];
     53▕     }

  1   D:\laragon\www\weather\app\Console\Commands\getWeather.php:49
      file_get_contents("https://api.openweathermap.org/data/2.5/weather?q=Rzeszów&appid=5891e06e0b289e466f149ff95b40ce33mode=html")

  2   D:\laragon\www\weather\vendor\laravel\framework\src\Illuminate\Container\BoundMethod.php:36
      App\Console\Commands\getWeather::handle()

   ErrorException 

  file_get_contents(https://api.openweathermap.org/data/2.5/weather?q=Rzeszów&appid=5891e06e0b289e466f149ff95b40ce33mode=html): Failed to open stream: HTTP request failed! HTTP/1.1 401 Unauthorized

  at D:\laragon\www\weather\app\Console\Commands\getWeather.php:49
     45▕ 
     46▕         foreach ($cities as $city)
     47▕         {
     48▕             $api_url = 'https://api.openweathermap.org/data/2.5/weather?q='.$city.'&appid='.$api_key.'mode=html';
  ➜  49▕             $data[] = json_decode(file_get_contents($api_url), true);
     50▕         }
     51▕ 
     52▕         echo $data[0]['name'];
     53▕     }

  1   D:\laragon\www\weather\app\Console\Commands\getWeather.php:49
      file_get_contents("https://api.openweathermap.org/data/2.5/weather?q=Rzeszów&appid=5891e06e0b289e466f149ff95b40ce33mode=html")

  2   D:\laragon\www\weather\vendor\laravel\framework\src\Illuminate\Container\BoundMethod.php:36
      App\Console\Commands\getWeather::handle()

   ErrorException 

  file_get_contents(https://api.openweathermap.org/data/2.5/weather?q=Rzeszów&appid=5891e06e0b289e466f149ff95b40ce33mode=html): Failed to open stream: HTTP request failed! HTTP/1.1 401 Unauthorized

  at D:\laragon\www\weather\app\Console\Commands\getWeather.php:49
     45▕ 
     46▕         foreach ($cities as $city)
     47▕         {
     48▕             $api_url = 'https://api.openweathermap.org/data/2.5/weather?q='.$city.'&appid='.$api_key.'mode=html';
  ➜  49▕             $data[] = json_decode(file_get_contents($api_url), true);
     50▕         }
     51▕ 
     52▕         echo $data[0]['name'];
     53▕     }

  1   D:\laragon\www\weather\app\Console\Commands\getWeather.php:49
      file_get_contents("https://api.openweathermap.org/data/2.5/weather?q=Rzeszów&appid=5891e06e0b289e466f149ff95b40ce33mode=html")

  2   D:\laragon\www\weather\vendor\laravel\framework\src\Illuminate\Container\BoundMethod.php:36
      App\Console\Commands\getWeather::handle()

   ErrorException 

  file_get_contents(https://api.openweathermap.org/data/2.5/weather?q=Rzeszów&appid=5891e06e0b289e466f149ff95b40ce33mode=html): Failed to open stream: HTTP request failed! HTTP/1.1 401 Unauthorized

  at D:\laragon\www\weather\app\Console\Commands\getWeather.php:49
     45▕ 
     46▕         foreach ($cities as $city)
     47▕         {
     48▕             $api_url = 'https://api.openweathermap.org/data/2.5/weather?q='.$city.'&appid='.$api_key.'mode=html';
  ➜  49▕             $data[] = json_decode(file_get_contents($api_url), true);
     50▕         }
     51▕ 
     52▕         echo $data[0]['name'];
     53▕     }

  1   D:\laragon\www\weather\app\Console\Commands\getWeather.php:49
      file_get_contents("https://api.openweathermap.org/data/2.5/weather?q=Rzeszów&appid=5891e06e0b289e466f149ff95b40ce33mode=html")

  2   D:\laragon\www\weather\vendor\laravel\framework\src\Illuminate\Container\BoundMethod.php:36
      App\Console\Commands\getWeather::handle()

   ErrorException 

  file_get_contents(https://api.openweathermap.org/data/2.5/weather?q=Rzeszów&appid=5891e06e0b289e466f149ff95b40ce33mode=html): Failed to open stream: HTTP request failed! HTTP/1.1 401 Unauthorized

  at D:\laragon\www\weather\app\Console\Commands\getWeather.php:49
     45▕ 
     46▕         foreach ($cities as $city)
     47▕         {
     48▕             $api_url = 'https://api.openweathermap.org/data/2.5/weather?q='.$city.'&appid='.$api_key.'mode=html';
  ➜  49▕             $data[] = json_decode(file_get_contents($api_url), true);
     50▕         }
     51▕ 
     52▕         echo $data[0]['name'];
     53▕     }

  1   D:\laragon\www\weather\app\Console\Commands\getWeather.php:49
      file_get_contents("https://api.openweathermap.org/data/2.5/weather?q=Rzeszów&appid=5891e06e0b289e466f149ff95b40ce33mode=html")

  2   D:\laragon\www\weather\vendor\laravel\framework\src\Illuminate\Container\BoundMethod.php:36
      App\Console\Commands\getWeather::handle()

   ErrorException 

  file_get_contents(https://api.openweathermap.org/data/2.5/weather?q=Rzeszów&appid=5891e06e0b289e466f149ff95b40ce33mode=html): Failed to open stream: HTTP request failed! HTTP/1.1 401 Unauthorized

  at D:\laragon\www\weather\app\Console\Commands\getWeather.php:49
     45▕ 
     46▕         foreach ($cities as $city)
     47▕         {
     48▕             $api_url = 'https://api.openweathermap.org/data/2.5/weather?q='.$city.'&appid='.$api_key.'mode=html';
  ➜  49▕             $data[] = json_decode(file_get_contents($api_url), true);
     50▕         }
     51▕ 
     52▕         echo $data[0]['name'];
     53▕     }

  1   D:\laragon\www\weather\app\Console\Commands\getWeather.php:49
      file_get_contents("https://api.openweathermap.org/data/2.5/weather?q=Rzeszów&appid=5891e06e0b289e466f149ff95b40ce33mode=html")

  2   D:\laragon\www\weather\vendor\laravel\framework\src\Illuminate\Container\BoundMethod.php:36
      App\Console\Commands\getWeather::handle()

   ErrorException 

  file_get_contents(https://api.openweathermap.org/data/2.5/weather?q=Rzeszów&appid=5891e06e0b289e466f149ff95b40ce33mode=html): Failed to open stream: HTTP request failed! HTTP/1.1 401 Unauthorized

  at D:\laragon\www\weather\app\Console\Commands\getWeather.php:49
     45▕ 
     46▕         foreach ($cities as $city)
     47▕         {
     48▕             $api_url = 'https://api.openweathermap.org/data/2.5/weather?q='.$city.'&appid='.$api_key.'mode=html';
  ➜  49▕             $data[] = json_decode(file_get_contents($api_url), true);
     50▕         }
     51▕ 
     52▕ 
     53▕

  1   D:\laragon\www\weather\app\Console\Commands\getWeather.php:49
      file_get_contents("https://api.openweathermap.org/data/2.5/weather?q=Rzeszów&appid=5891e06e0b289e466f149ff95b40ce33mode=html")

  2   D:\laragon\www\weather\vendor\laravel\framework\src\Illuminate\Container\BoundMethod.php:36
      App\Console\Commands\getWeather::handle()

   ErrorException 

  file_get_contents(https://api.openweathermap.org/data/2.5/weather?q=Rzeszów&appid=5891e06e0b289e466f149ff95b40ce33mode=html): Failed to open stream: HTTP request failed! HTTP/1.1 401 Unauthorized

  at D:\laragon\www\weather\app\Console\Commands\getWeather.php:49
     45▕ 
     46▕         foreach ($cities as $city)
     47▕         {
     48▕             $api_url = 'https://api.openweathermap.org/data/2.5/weather?q='.$city.'&appid='.$api_key.'mode=html';
  ➜  49▕             $data[] = json_decode(file_get_contents($api_url), true);
     50▕         }
     51▕ 
     52▕ 
     53▕

  1   D:\laragon\www\weather\app\Console\Commands\getWeather.php:49
      file_get_contents("https://api.openweathermap.org/data/2.5/weather?q=Rzeszów&appid=5891e06e0b289e466f149ff95b40ce33mode=html")

  2   D:\laragon\www\weather\vendor\laravel\framework\src\Illuminate\Container\BoundMethod.php:36
      App\Console\Commands\getWeather::handle()

   ErrorException 

  file_get_contents(https://api.openweathermap.org/data/2.5/weather?q=Rzeszów&appid=5891e06e0b289e466f149ff95b40ce33mode=html): Failed to open stream: HTTP request failed! HTTP/1.1 401 Unauthorized

  at D:\laragon\www\weather\app\Console\Commands\getWeather.php:49
     45▕ 
     46▕         foreach ($cities as $city)
     47▕         {
     48▕             $api_url = 'https://api.openweathermap.org/data/2.5/weather?q='.$city.'&appid='.$api_key.'mode=html';
  ➜  49▕             $data[] = json_decode(file_get_contents($api_url), true);
     50▕         }
     51▕ 
     52▕ 
     53▕

  1   D:\laragon\www\weather\app\Console\Commands\getWeather.php:49
      file_get_contents("https://api.openweathermap.org/data/2.5/weather?q=Rzeszów&appid=5891e06e0b289e466f149ff95b40ce33mode=html")

  2   D:\laragon\www\weather\vendor\laravel\framework\src\Illuminate\Container\BoundMethod.php:36
      App\Console\Commands\getWeather::handle()

   ErrorException 

  file_get_contents(https://api.openweathermap.org/data/2.5/weather?q=Rzeszów&appid=5891e06e0b289e466f149ff95b40ce33mode=html): Failed to open stream: HTTP request failed! HTTP/1.1 401 Unauthorized

  at D:\laragon\www\weather\app\Console\Commands\getWeather.php:49
     45▕ 
     46▕         foreach ($cities as $city)
     47▕         {
     48▕             $api_url = 'https://api.openweathermap.org/data/2.5/weather?q='.$city.'&appid='.$api_key.'mode=html';
  ➜  49▕             $data[] = json_decode(file_get_contents($api_url), true);
     50▕         }
     51▕ 
     52▕ 
     53▕

  1   D:\laragon\www\weather\app\Console\Commands\getWeather.php:49
      file_get_contents("https://api.openweathermap.org/data/2.5/weather?q=Rzeszów&appid=5891e06e0b289e466f149ff95b40ce33mode=html")

  2   D:\laragon\www\weather\vendor\laravel\framework\src\Illuminate\Container\BoundMethod.php:36
      App\Console\Commands\getWeather::handle()

   ErrorException 

  file_get_contents(https://api.openweathermap.org/data/2.5/weather?q=Rzeszów&appid=5891e06e0b289e466f149ff95b40ce33mode=html): Failed to open stream: HTTP request failed! HTTP/1.1 401 Unauthorized

  at D:\laragon\www\weather\app\Console\Commands\getWeather.php:49
     45▕ 
     46▕         foreach ($cities as $city)
     47▕         {
     48▕             $api_url = 'https://api.openweathermap.org/data/2.5/weather?q='.$city.'&appid='.$api_key.'mode=html';
  ➜  49▕             $data[] = json_decode(file_get_contents($api_url), true);
     50▕         }
     51▕ 
     52▕ 
     53▕

  1   D:\laragon\www\weather\app\Console\Commands\getWeather.php:49
      file_get_contents("https://api.openweathermap.org/data/2.5/weather?q=Rzeszów&appid=5891e06e0b289e466f149ff95b40ce33mode=html")

  2   D:\laragon\www\weather\vendor\laravel\framework\src\Illuminate\Container\BoundMethod.php:36
      App\Console\Commands\getWeather::handle()

   ErrorException 

  file_get_contents(https://api.openweathermap.org/data/2.5/weather?q=Rzeszów&appid=5891e06e0b289e466f149ff95b40ce33mode=html): Failed to open stream: HTTP request failed! HTTP/1.1 401 Unauthorized

  at D:\laragon\www\weather\app\Console\Commands\getWeather.php:49
     45▕ 
     46▕         foreach ($cities as $city)
     47▕         {
     48▕             $api_url = 'https://api.openweathermap.org/data/2.5/weather?q='.$city.'&appid='.$api_key.'mode=html';
  ➜  49▕             $data[] = json_decode(file_get_contents($api_url), true);
     50▕         }
     51▕ 
     52▕ 
     53▕

  1   D:\laragon\www\weather\app\Console\Commands\getWeather.php:49
      file_get_contents("https://api.openweathermap.org/data/2.5/weather?q=Rzeszów&appid=5891e06e0b289e466f149ff95b40ce33mode=html")

  2   D:\laragon\www\weather\vendor\laravel\framework\src\Illuminate\Container\BoundMethod.php:36
      App\Console\Commands\getWeather::handle()

   ErrorException 

  file_get_contents(https://api.openweathermap.org/data/2.5/weather?q=Rzeszów&appid=5891e06e0b289e466f149ff95b40ce33mode=html): Failed to open stream: HTTP request failed! HTTP/1.1 401 Unauthorized

  at D:\laragon\www\weather\app\Console\Commands\getWeather.php:49
     45▕ 
     46▕         foreach ($cities as $city)
     47▕         {
     48▕             $api_url = 'https://api.openweathermap.org/data/2.5/weather?q='.$city.'&appid='.$api_key.'mode=html';
  ➜  49▕             $data[] = json_decode(file_get_contents($api_url), true);
     50▕         }
     51▕ 
     52▕ 
     53▕

  1   D:\laragon\www\weather\app\Console\Commands\getWeather.php:49
      file_get_contents("https://api.openweathermap.org/data/2.5/weather?q=Rzeszów&appid=5891e06e0b289e466f149ff95b40ce33mode=html")

  2   D:\laragon\www\weather\vendor\laravel\framework\src\Illuminate\Container\BoundMethod.php:36
      App\Console\Commands\getWeather::handle()

   ErrorException 

  file_get_contents(https://api.openweathermap.org/data/2.5/weather?q=Rzeszów&appid=5891e06e0b289e466f149ff95b40ce33mode=html): Failed to open stream: HTTP request failed! HTTP/1.1 401 Unauthorized

  at D:\laragon\www\weather\app\Console\Commands\getWeather.php:49
     45▕ 
     46▕         foreach ($cities as $city)
     47▕         {
     48▕             $api_url = 'https://api.openweathermap.org/data/2.5/weather?q='.$city.'&appid='.$api_key.'mode=html';
  ➜  49▕             $data[] = json_decode(file_get_contents($api_url), true);
     50▕         }
     51▕ 
     52▕ 
     53▕

  1   D:\laragon\www\weather\app\Console\Commands\getWeather.php:49
      file_get_contents("https://api.openweathermap.org/data/2.5/weather?q=Rzeszów&appid=5891e06e0b289e466f149ff95b40ce33mode=html")

  2   D:\laragon\www\weather\vendor\laravel\framework\src\Illuminate\Container\BoundMethod.php:36
      App\Console\Commands\getWeather::handle()

   ErrorException 

  file_get_contents(https://api.openweathermap.org/data/2.5/weather?q=Rzeszów&appid=5891e06e0b289e466f149ff95b40ce33mode=html): Failed to open stream: HTTP request failed! HTTP/1.1 401 Unauthorized

  at D:\laragon\www\weather\app\Console\Commands\getWeather.php:49
     45▕ 
     46▕         foreach ($cities as $city)
     47▕         {
     48▕             $api_url = 'https://api.openweathermap.org/data/2.5/weather?q='.$city.'&appid='.$api_key.'mode=html';
  ➜  49▕             $data[] = json_decode(file_get_contents($api_url), true);
     50▕         }
     51▕ 
     52▕ 
     53▕

  1   D:\laragon\www\weather\app\Console\Commands\getWeather.php:49
      file_get_contents("https://api.openweathermap.org/data/2.5/weather?q=Rzeszów&appid=5891e06e0b289e466f149ff95b40ce33mode=html")

  2   D:\laragon\www\weather\vendor\laravel\framework\src\Illuminate\Container\BoundMethod.php:36
      App\Console\Commands\getWeather::handle()

   ErrorException 

  file_get_contents(https://api.openweathermap.org/data/2.5/weather?q=Rzeszów&appid=5891e06e0b289e466f149ff95b40ce33mode=html): Failed to open stream: HTTP request failed! HTTP/1.1 401 Unauthorized

  at D:\laragon\www\weather\app\Console\Commands\getWeather.php:49
     45▕ 
     46▕         foreach ($cities as $city)
     47▕         {
     48▕             $api_url = 'https://api.openweathermap.org/data/2.5/weather?q='.$city.'&appid='.$api_key.'mode=html';
  ➜  49▕             $data[] = json_decode(file_get_contents($api_url), true);
     50▕         }
     51▕ 
     52▕ 
     53▕

  1   D:\laragon\www\weather\app\Console\Commands\getWeather.php:49
      file_get_contents("https://api.openweathermap.org/data/2.5/weather?q=Rzeszów&appid=5891e06e0b289e466f149ff95b40ce33mode=html")

  2   D:\laragon\www\weather\vendor\laravel\framework\src\Illuminate\Container\BoundMethod.php:36
      App\Console\Commands\getWeather::handle()

   ErrorException 

  file_get_contents(https://api.openweathermap.org/data/2.5/weather?q=Rzeszów&appid=5891e06e0b289e466f149ff95b40ce33mode=html): Failed to open stream: HTTP request failed! HTTP/1.1 401 Unauthorized

  at D:\laragon\www\weather\app\Console\Commands\getWeather.php:49
     45▕ 
     46▕         foreach ($cities as $city)
     47▕         {
     48▕             $api_url = 'https://api.openweathermap.org/data/2.5/weather?q='.$city.'&appid='.$api_key.'mode=html';
  ➜  49▕             $data[] = json_decode(file_get_contents($api_url), true);
     50▕         }
     51▕ 
     52▕ 
     53▕

  1   D:\laragon\www\weather\app\Console\Commands\getWeather.php:49
      file_get_contents("https://api.openweathermap.org/data/2.5/weather?q=Rzeszów&appid=5891e06e0b289e466f149ff95b40ce33mode=html")

  2   D:\laragon\www\weather\vendor\laravel\framework\src\Illuminate\Container\BoundMethod.php:36
      App\Console\Commands\getWeather::handle()

   ErrorException 

  file_get_contents(https://api.openweathermap.org/data/2.5/weather?q=Rzeszów&appid=5891e06e0b289e466f149ff95b40ce33mode=html): Failed to open stream: HTTP request failed! HTTP/1.1 401 Unauthorized

  at D:\laragon\www\weather\app\Console\Commands\getWeather.php:49
     45▕ 
     46▕         foreach ($cities as $city)
     47▕         {
     48▕             $api_url = 'https://api.openweathermap.org/data/2.5/weather?q='.$city.'&appid='.$api_key.'mode=html';
  ➜  49▕             $data[] = json_decode(file_get_contents($api_url), true);
     50▕         }
     51▕ 
     52▕ 
     53▕

  1   D:\laragon\www\weather\app\Console\Commands\getWeather.php:49
      file_get_contents("https://api.openweathermap.org/data/2.5/weather?q=Rzeszów&appid=5891e06e0b289e466f149ff95b40ce33mode=html")

  2   D:\laragon\www\weather\vendor\laravel\framework\src\Illuminate\Container\BoundMethod.php:36
      App\Console\Commands\getWeather::handle()

   ErrorException 

  file_get_contents(https://api.openweathermap.org/data/2.5/weather?q=Rzeszów&appid=5891e06e0b289e466f149ff95b40ce33mode=html): Failed to open stream: HTTP request failed! HTTP/1.1 401 Unauthorized

  at D:\laragon\www\weather\app\Console\Commands\getWeather.php:49
     45▕ 
     46▕         foreach ($cities as $city)
     47▕         {
     48▕             $api_url = 'https://api.openweathermap.org/data/2.5/weather?q='.$city.'&appid='.$api_key.'mode=html';
  ➜  49▕             $data[] = json_decode(file_get_contents($api_url), true);
     50▕         }
     51▕ 
     52▕ 
     53▕

  1   D:\laragon\www\weather\app\Console\Commands\getWeather.php:49
      file_get_contents("https://api.openweathermap.org/data/2.5/weather?q=Rzeszów&appid=5891e06e0b289e466f149ff95b40ce33mode=html")

  2   D:\laragon\www\weather\vendor\laravel\framework\src\Illuminate\Container\BoundMethod.php:36
      App\Console\Commands\getWeather::handle()

   ErrorException 

  file_get_contents(https://api.openweathermap.org/data/2.5/weather?q=Rzeszów&appid=5891e06e0b289e466f149ff95b40ce33mode=html): Failed to open stream: HTTP request failed! HTTP/1.1 401 Unauthorized

  at D:\laragon\www\weather\app\Console\Commands\getWeather.php:49
     45▕ 
     46▕         foreach ($cities as $city)
     47▕         {
     48▕             $api_url = 'https://api.openweathermap.org/data/2.5/weather?q='.$city.'&appid='.$api_key.'mode=html';
  ➜  49▕             $data[] = json_decode(file_get_contents($api_url), true);
     50▕         }
     51▕ 
     52▕ 
     53▕

  1   D:\laragon\www\weather\app\Console\Commands\getWeather.php:49
      file_get_contents("https://api.openweathermap.org/data/2.5/weather?q=Rzeszów&appid=5891e06e0b289e466f149ff95b40ce33mode=html")

  2   D:\laragon\www\weather\vendor\laravel\framework\src\Illuminate\Container\BoundMethod.php:36
      App\Console\Commands\getWeather::handle()

   ErrorException 

  file_get_contents(https://api.openweathermap.org/data/2.5/weather?q=Rzeszów&appid=5891e06e0b289e466f149ff95b40ce33mode=html): Failed to open stream: HTTP request failed! HTTP/1.1 401 Unauthorized

  at D:\laragon\www\weather\app\Console\Commands\getWeather.php:49
     45▕ 
     46▕         foreach ($cities as $city)
     47▕         {
     48▕             $api_url = 'https://api.openweathermap.org/data/2.5/weather?q='.$city.'&appid='.$api_key.'mode=html';
  ➜  49▕             $data[] = json_decode(file_get_contents($api_url), true);
     50▕         }
     51▕ 
     52▕ 
     53▕

  1   D:\laragon\www\weather\app\Console\Commands\getWeather.php:49
      file_get_contents("https://api.openweathermap.org/data/2.5/weather?q=Rzeszów&appid=5891e06e0b289e466f149ff95b40ce33mode=html")

  2   D:\laragon\www\weather\vendor\laravel\framework\src\Illuminate\Container\BoundMethod.php:36
      App\Console\Commands\getWeather::handle()

   ErrorException 

  file_get_contents(https://api.openweathermap.org/data/2.5/weather?q=Rzeszów&appid=5891e06e0b289e466f149ff95b40ce33mode=html): Failed to open stream: HTTP request failed! HTTP/1.1 401 Unauthorized

  at D:\laragon\www\weather\app\Console\Commands\getWeather.php:49
     45▕ 
     46▕         foreach ($cities as $city)
     47▕         {
     48▕             $api_url = 'https://api.openweathermap.org/data/2.5/weather?q='.$city.'&appid='.$api_key.'mode=html';
  ➜  49▕             $data[] = json_decode(file_get_contents($api_url), true);
     50▕         }
     51▕ 
     52▕ 
     53▕

  1   D:\laragon\www\weather\app\Console\Commands\getWeather.php:49
      file_get_contents("https://api.openweathermap.org/data/2.5/weather?q=Rzeszów&appid=5891e06e0b289e466f149ff95b40ce33mode=html")

  2   D:\laragon\www\weather\vendor\laravel\framework\src\Illuminate\Container\BoundMethod.php:36
      App\Console\Commands\getWeather::handle()

   ErrorException 

  file_get_contents(https://api.openweathermap.org/data/2.5/weather?q=Rzeszów&appid=5891e06e0b289e466f149ff95b40ce33mode=html): Failed to open stream: HTTP request failed! HTTP/1.1 401 Unauthorized

  at D:\laragon\www\weather\app\Console\Commands\getWeather.php:49
     45▕ 
     46▕         foreach ($cities as $city)
     47▕         {
     48▕             $api_url = 'https://api.openweathermap.org/data/2.5/weather?q='.$city.'&appid='.$api_key.'mode=html';
  ➜  49▕             $data[] = json_decode(file_get_contents($api_url), true);
     50▕         }
     51▕ 
     52▕ 
     53▕

  1   D:\laragon\www\weather\app\Console\Commands\getWeather.php:49
      file_get_contents("https://api.openweathermap.org/data/2.5/weather?q=Rzeszów&appid=5891e06e0b289e466f149ff95b40ce33mode=html")

  2   D:\laragon\www\weather\vendor\laravel\framework\src\Illuminate\Container\BoundMethod.php:36
      App\Console\Commands\getWeather::handle()

   ErrorException 

  file_get_contents(https://api.openweathermap.org/data/2.5/weather?q=Rzeszów&appid=5891e06e0b289e466f149ff95b40ce33mode=html): Failed to open stream: HTTP request failed! HTTP/1.1 401 Unauthorized

  at D:\laragon\www\weather\app\Console\Commands\getWeather.php:49
     45▕ 
     46▕         foreach ($cities as $city)
     47▕         {
     48▕             $api_url = 'https://api.openweathermap.org/data/2.5/weather?q='.$city.'&appid='.$api_key.'mode=html';
  ➜  49▕             $data[] = json_decode(file_get_contents($api_url), true);
     50▕         }
     51▕ 
     52▕ 
     53▕

  1   D:\laragon\www\weather\app\Console\Commands\getWeather.php:49
      file_get_contents("https://api.openweathermap.org/data/2.5/weather?q=Rzeszów&appid=5891e06e0b289e466f149ff95b40ce33mode=html")

  2   D:\laragon\www\weather\vendor\laravel\framework\src\Illuminate\Container\BoundMethod.php:36
      App\Console\Commands\getWeather::handle()

   ErrorException 

  file_get_contents(https://api.openweathermap.org/data/2.5/weather?q=Rzeszów&appid=5891e06e0b289e466f149ff95b40ce33mode=html): Failed to open stream: HTTP request failed! HTTP/1.1 401 Unauthorized

  at D:\laragon\www\weather\app\Console\Commands\getWeather.php:49
     45▕ 
     46▕         foreach ($cities as $city)
     47▕         {
     48▕             $api_url = 'https://api.openweathermap.org/data/2.5/weather?q='.$city.'&appid='.$api_key.'mode=html';
  ➜  49▕             $data[] = json_decode(file_get_contents($api_url), true);
     50▕         }
     51▕ 
     52▕ 
     53▕

  1   D:\laragon\www\weather\app\Console\Commands\getWeather.php:49
      file_get_contents("https://api.openweathermap.org/data/2.5/weather?q=Rzeszów&appid=5891e06e0b289e466f149ff95b40ce33mode=html")

  2   D:\laragon\www\weather\vendor\laravel\framework\src\Illuminate\Container\BoundMethod.php:36
      App\Console\Commands\getWeather::handle()

   ErrorException 

  file_get_contents(https://api.openweathermap.org/data/2.5/weather?q=Rzeszów&appid=5891e06e0b289e466f149ff95b40ce33mode=html): Failed to open stream: HTTP request failed! HTTP/1.1 401 Unauthorized

  at D:\laragon\www\weather\app\Console\Commands\getWeather.php:49
     45▕ 
     46▕         foreach ($cities as $city)
     47▕         {
     48▕             $api_url = 'https://api.openweathermap.org/data/2.5/weather?q='.$city.'&appid='.$api_key.'mode=html';
  ➜  49▕             $data[] = json_decode(file_get_contents($api_url), true);
     50▕         }
     51▕ 
     52▕ 
     53▕

  1   D:\laragon\www\weather\app\Console\Commands\getWeather.php:49
      file_get_contents("https://api.openweathermap.org/data/2.5/weather?q=Rzeszów&appid=5891e06e0b289e466f149ff95b40ce33mode=html")

  2   D:\laragon\www\weather\vendor\laravel\framework\src\Illuminate\Container\BoundMethod.php:36
      App\Console\Commands\getWeather::handle()

   ErrorException 

  file_get_contents(https://api.openweathermap.org/data/2.5/weather?q=Rzeszów&appid=5891e06e0b289e466f149ff95b40ce33mode=html): Failed to open stream: HTTP request failed! HTTP/1.1 401 Unauthorized

  at D:\laragon\www\weather\app\Console\Commands\getWeather.php:49
     45▕ 
     46▕         foreach ($cities as $city)
     47▕         {
     48▕             $api_url = 'https://api.openweathermap.org/data/2.5/weather?q='.$city.'&appid='.$api_key.'mode=html';
  ➜  49▕             $data[] = json_decode(file_get_contents($api_url), true);
     50▕         }
     51▕ 
     52▕ 
     53▕

  1   D:\laragon\www\weather\app\Console\Commands\getWeather.php:49
      file_get_contents("https://api.openweathermap.org/data/2.5/weather?q=Rzeszów&appid=5891e06e0b289e466f149ff95b40ce33mode=html")

  2   D:\laragon\www\weather\vendor\laravel\framework\src\Illuminate\Container\BoundMethod.php:36
      App\Console\Commands\getWeather::handle()

   ErrorException 

  file_get_contents(https://api.openweathermap.org/data/2.5/weather?q=Rzeszów&appid=5891e06e0b289e466f149ff95b40ce33mode=html): Failed to open stream: HTTP request failed! HTTP/1.1 401 Unauthorized

  at D:\laragon\www\weather\app\Console\Commands\getWeather.php:49
     45▕ 
     46▕         foreach ($cities as $city)
     47▕         {
     48▕             $api_url = 'https://api.openweathermap.org/data/2.5/weather?q='.$city.'&appid='.$api_key.'mode=html';
  ➜  49▕             $data[] = json_decode(file_get_contents($api_url), true);
     50▕         }
     51▕ 
     52▕ 
     53▕

  1   D:\laragon\www\weather\app\Console\Commands\getWeather.php:49
      file_get_contents("https://api.openweathermap.org/data/2.5/weather?q=Rzeszów&appid=5891e06e0b289e466f149ff95b40ce33mode=html")

  2   D:\laragon\www\weather\vendor\laravel\framework\src\Illuminate\Container\BoundMethod.php:36
      App\Console\Commands\getWeather::handle()

   ErrorException 

  file_get_contents(https://api.openweathermap.org/data/2.5/weather?q=Rzeszów&appid=5891e06e0b289e466f149ff95b40ce33mode=html): Failed to open stream: HTTP request failed! HTTP/1.1 401 Unauthorized

  at D:\laragon\www\weather\app\Console\Commands\getWeather.php:49
     45▕ 
     46▕         foreach ($cities as $city)
     47▕         {
     48▕             $api_url = 'https://api.openweathermap.org/data/2.5/weather?q='.$city.'&appid='.$api_key.'mode=html';
  ➜  49▕             $data[] = json_decode(file_get_contents($api_url), true);
     50▕         }
     51▕ 
     52▕ 
     53▕

  1   D:\laragon\www\weather\app\Console\Commands\getWeather.php:49
      file_get_contents("https://api.openweathermap.org/data/2.5/weather?q=Rzeszów&appid=5891e06e0b289e466f149ff95b40ce33mode=html")

  2   D:\laragon\www\weather\vendor\laravel\framework\src\Illuminate\Container\BoundMethod.php:36
      App\Console\Commands\getWeather::handle()

   ErrorException 

  file_get_contents(https://api.openweathermap.org/data/2.5/weather?q=Rzeszów&appid=5891e06e0b289e466f149ff95b40ce33mode=html): Failed to open stream: HTTP request failed! HTTP/1.1 401 Unauthorized

  at D:\laragon\www\weather\app\Console\Commands\getWeather.php:49
     45▕ 
     46▕         foreach ($cities as $city)
     47▕         {
     48▕             $api_url = 'https://api.openweathermap.org/data/2.5/weather?q='.$city.'&appid='.$api_key.'mode=html';
  ➜  49▕             $data[] = json_decode(file_get_contents($api_url), true);
     50▕         }
     51▕ 
     52▕ 
     53▕

  1   D:\laragon\www\weather\app\Console\Commands\getWeather.php:49
      file_get_contents("https://api.openweathermap.org/data/2.5/weather?q=Rzeszów&appid=5891e06e0b289e466f149ff95b40ce33mode=html")

  2   D:\laragon\www\weather\vendor\laravel\framework\src\Illuminate\Container\BoundMethod.php:36
      App\Console\Commands\getWeather::handle()

   ErrorException 

  file_get_contents(https://api.openweathermap.org/data/2.5/weather?q=Rzeszów&appid=5891e06e0b289e466f149ff95b40ce33mode=html): Failed to open stream: HTTP request failed! HTTP/1.1 401 Unauthorized

  at D:\laragon\www\weather\app\Console\Commands\getWeather.php:49
     45▕ 
     46▕         foreach ($cities as $city)
     47▕         {
     48▕             $api_url = 'https://api.openweathermap.org/data/2.5/weather?q='.$city.'&appid='.$api_key.'mode=html';
  ➜  49▕             $data[] = json_decode(file_get_contents($api_url), true);
     50▕         }
     51▕ 
     52▕ 
     53▕

  1   D:\laragon\www\weather\app\Console\Commands\getWeather.php:49
      file_get_contents("https://api.openweathermap.org/data/2.5/weather?q=Rzeszów&appid=5891e06e0b289e466f149ff95b40ce33mode=html")

  2   D:\laragon\www\weather\vendor\laravel\framework\src\Illuminate\Container\BoundMethod.php:36
      App\Console\Commands\getWeather::handle()

   ErrorException 

  file_get_contents(https://api.openweathermap.org/data/2.5/weather?q=Rzeszów&appid=5891e06e0b289e466f149ff95b40ce33mode=html): Failed to open stream: HTTP request failed! HTTP/1.1 401 Unauthorized

  at D:\laragon\www\weather\app\Console\Commands\getWeather.php:49
     45▕ 
     46▕         foreach ($cities as $city)
     47▕         {
     48▕             $api_url = 'https://api.openweathermap.org/data/2.5/weather?q='.$city.'&appid='.$api_key.'mode=html';
  ➜  49▕             $data[] = json_decode(file_get_contents($api_url), true);
     50▕         }
     51▕ 
     52▕ 
     53▕

  1   D:\laragon\www\weather\app\Console\Commands\getWeather.php:49
      file_get_contents("https://api.openweathermap.org/data/2.5/weather?q=Rzeszów&appid=5891e06e0b289e466f149ff95b40ce33mode=html")

  2   D:\laragon\www\weather\vendor\laravel\framework\src\Illuminate\Container\BoundMethod.php:36
      App\Console\Commands\getWeather::handle()

   ErrorException 

  file_get_contents(https://api.openweathermap.org/data/2.5/weather?q=Rzeszów&appid=5891e06e0b289e466f149ff95b40ce33mode=html): Failed to open stream: HTTP request failed! HTTP/1.1 401 Unauthorized

  at D:\laragon\www\weather\app\Console\Commands\getWeather.php:49
     45▕ 
     46▕         foreach ($cities as $city)
     47▕         {
     48▕             $api_url = 'https://api.openweathermap.org/data/2.5/weather?q='.$city.'&appid='.$api_key.'mode=html';
  ➜  49▕             $data[] = json_decode(file_get_contents($api_url), true);
     50▕         }
     51▕ 
     52▕ 
     53▕

  1   D:\laragon\www\weather\app\Console\Commands\getWeather.php:49
      file_get_contents("https://api.openweathermap.org/data/2.5/weather?q=Rzeszów&appid=5891e06e0b289e466f149ff95b40ce33mode=html")

  2   D:\laragon\www\weather\vendor\laravel\framework\src\Illuminate\Container\BoundMethod.php:36
      App\Console\Commands\getWeather::handle()

   ErrorException 

  file_get_contents(https://api.openweathermap.org/data/2.5/weather?q=Rzeszów&appid=5891e06e0b289e466f149ff95b40ce33mode=html): Failed to open stream: HTTP request failed! HTTP/1.1 401 Unauthorized

  at D:\laragon\www\weather\app\Console\Commands\getWeather.php:49
     45▕ 
     46▕         foreach ($cities as $city)
     47▕         {
     48▕             $api_url = 'https://api.openweathermap.org/data/2.5/weather?q='.$city.'&appid='.$api_key.'mode=html';
  ➜  49▕             $data[] = json_decode(file_get_contents($api_url), true);
     50▕         }
     51▕ 
     52▕ 
     53▕

  1   D:\laragon\www\weather\app\Console\Commands\getWeather.php:49
      file_get_contents("https://api.openweathermap.org/data/2.5/weather?q=Rzeszów&appid=5891e06e0b289e466f149ff95b40ce33mode=html")

  2   D:\laragon\www\weather\vendor\laravel\framework\src\Illuminate\Container\BoundMethod.php:36
      App\Console\Commands\getWeather::handle()

   ErrorException 

  file_get_contents(https://api.openweathermap.org/data/2.5/weather?q=Rzeszów&appid=5891e06e0b289e466f149ff95b40ce33mode=html): Failed to open stream: HTTP request failed! HTTP/1.1 401 Unauthorized

  at D:\laragon\www\weather\app\Console\Commands\getWeather.php:49
     45▕ 
     46▕         foreach ($cities as $city)
     47▕         {
     48▕             $api_url = 'https://api.openweathermap.org/data/2.5/weather?q='.$city.'&appid='.$api_key.'mode=html';
  ➜  49▕             $data[] = json_decode(file_get_contents($api_url), true);
     50▕         }
     51▕ 
     52▕ 
     53▕

  1   D:\laragon\www\weather\app\Console\Commands\getWeather.php:49
      file_get_contents("https://api.openweathermap.org/data/2.5/weather?q=Rzeszów&appid=5891e06e0b289e466f149ff95b40ce33mode=html")

  2   D:\laragon\www\weather\vendor\laravel\framework\src\Illuminate\Container\BoundMethod.php:36
      App\Console\Commands\getWeather::handle()

   ErrorException 

  file_get_contents(https://api.openweathermap.org/data/2.5/weather?q=Rzeszów&appid=5891e06e0b289e466f149ff95b40ce33mode=html): Failed to open stream: HTTP request failed! HTTP/1.1 401 Unauthorized

  at D:\laragon\www\weather\app\Console\Commands\getWeather.php:49
     45▕ 
     46▕         foreach ($cities as $city)
     47▕         {
     48▕             $api_url = 'https://api.openweathermap.org/data/2.5/weather?q='.$city.'&appid='.$api_key.'mode=html';
  ➜  49▕             $data[] = json_decode(file_get_contents($api_url), true);
     50▕         }
     51▕ 
     52▕ 
     53▕

  1   D:\laragon\www\weather\app\Console\Commands\getWeather.php:49
      file_get_contents("https://api.openweathermap.org/data/2.5/weather?q=Rzeszów&appid=5891e06e0b289e466f149ff95b40ce33mode=html")

  2   D:\laragon\www\weather\vendor\laravel\framework\src\Illuminate\Container\BoundMethod.php:36
      App\Console\Commands\getWeather::handle()

   ErrorException 

  file_get_contents(https://api.openweathermap.org/data/2.5/weather?q=Rzeszów&appid=5891e06e0b289e466f149ff95b40ce33mode=html): Failed to open stream: HTTP request failed! HTTP/1.1 401 Unauthorized

  at D:\laragon\www\weather\app\Console\Commands\getWeather.php:49
     45▕ 
     46▕         foreach ($cities as $city)
     47▕         {
     48▕             $api_url = 'https://api.openweathermap.org/data/2.5/weather?q='.$city.'&appid='.$api_key.'mode=html';
  ➜  49▕             $data[] = json_decode(file_get_contents($api_url), true);
     50▕         }
     51▕ 
     52▕ 
     53▕

  1   D:\laragon\www\weather\app\Console\Commands\getWeather.php:49
      file_get_contents("https://api.openweathermap.org/data/2.5/weather?q=Rzeszów&appid=5891e06e0b289e466f149ff95b40ce33mode=html")

  2   D:\laragon\www\weather\vendor\laravel\framework\src\Illuminate\Container\BoundMethod.php:36
      App\Console\Commands\getWeather::handle()

   ErrorException 

  file_get_contents(https://api.openweathermap.org/data/2.5/weather?q=Rzeszów&appid=5891e06e0b289e466f149ff95b40ce33mode=html): Failed to open stream: HTTP request failed! HTTP/1.1 401 Unauthorized

  at D:\laragon\www\weather\app\Console\Commands\getWeather.php:49
     45▕ 
     46▕         foreach ($cities as $city)
     47▕         {
     48▕             $api_url = 'https://api.openweathermap.org/data/2.5/weather?q='.$city.'&appid='.$api_key.'mode=html';
  ➜  49▕             $data[] = json_decode(file_get_contents($api_url), true);
     50▕         }
     51▕ 
     52▕ 
     53▕

  1   D:\laragon\www\weather\app\Console\Commands\getWeather.php:49
      file_get_contents("https://api.openweathermap.org/data/2.5/weather?q=Rzeszów&appid=5891e06e0b289e466f149ff95b40ce33mode=html")

  2   D:\laragon\www\weather\vendor\laravel\framework\src\Illuminate\Container\BoundMethod.php:36
      App\Console\Commands\getWeather::handle()

   ErrorException 

  file_get_contents(https://api.openweathermap.org/data/2.5/weather?q=Rzeszów&appid=5891e06e0b289e466f149ff95b40ce33mode=html): Failed to open stream: HTTP request failed! HTTP/1.1 401 Unauthorized

  at D:\laragon\www\weather\app\Console\Commands\getWeather.php:49
     45▕ 
     46▕         foreach ($cities as $city)
     47▕         {
     48▕             $api_url = 'https://api.openweathermap.org/data/2.5/weather?q='.$city.'&appid='.$api_key.'mode=html';
  ➜  49▕             $data[] = json_decode(file_get_contents($api_url), true);
     50▕         }
     51▕ 
     52▕ 
     53▕

  1   D:\laragon\www\weather\app\Console\Commands\getWeather.php:49
      file_get_contents("https://api.openweathermap.org/data/2.5/weather?q=Rzeszów&appid=5891e06e0b289e466f149ff95b40ce33mode=html")

  2   D:\laragon\www\weather\vendor\laravel\framework\src\Illuminate\Container\BoundMethod.php:36
      App\Console\Commands\getWeather::handle()

   ErrorException 

  file_get_contents(https://api.openweathermap.org/data/2.5/weather?q=Rzeszów&appid=5891e06e0b289e466f149ff95b40ce33mode=html): Failed to open stream: HTTP request failed! HTTP/1.1 401 Unauthorized

  at D:\laragon\www\weather\app\Console\Commands\getWeather.php:49
     45▕ 
     46▕         foreach ($cities as $city)
     47▕         {
     48▕             $api_url = 'https://api.openweathermap.org/data/2.5/weather?q='.$city.'&appid='.$api_key.'mode=html';
  ➜  49▕             $data[] = json_decode(file_get_contents($api_url), true);
     50▕         }
     51▕ 
     52▕ 
     53▕

  1   D:\laragon\www\weather\app\Console\Commands\getWeather.php:49
      file_get_contents("https://api.openweathermap.org/data/2.5/weather?q=Rzeszów&appid=5891e06e0b289e466f149ff95b40ce33mode=html")

  2   D:\laragon\www\weather\vendor\laravel\framework\src\Illuminate\Container\BoundMethod.php:36
      App\Console\Commands\getWeather::handle()

   ErrorException 

  file_get_contents(https://api.openweathermap.org/data/2.5/weather?q=Rzeszów&appid=5891e06e0b289e466f149ff95b40ce33mode=html): Failed to open stream: HTTP request failed! HTTP/1.1 401 Unauthorized

  at D:\laragon\www\weather\app\Console\Commands\getWeather.php:49
     45▕ 
     46▕         foreach ($cities as $city)
     47▕         {
     48▕             $api_url = 'https://api.openweathermap.org/data/2.5/weather?q='.$city.'&appid='.$api_key.'mode=html';
  ➜  49▕             $data[] = json_decode(file_get_contents($api_url), true);
     50▕         }
     51▕ 
     52▕ 
     53▕

  1   D:\laragon\www\weather\app\Console\Commands\getWeather.php:49
      file_get_contents("https://api.openweathermap.org/data/2.5/weather?q=Rzeszów&appid=5891e06e0b289e466f149ff95b40ce33mode=html")

  2   D:\laragon\www\weather\vendor\laravel\framework\src\Illuminate\Container\BoundMethod.php:36
      App\Console\Commands\getWeather::handle()
